[W 19:58:09.172 LabApp] All authentication is disabled.  Anyone who can connect to this server will be able to run code.
[I 19:58:09.221 LabApp] JupyterLab extension loaded from /usr/lib64/python3.5/site-packages/jupyterlab
[I 19:58:09.221 LabApp] JupyterLab application directory is /usr/share/jupyter/lab
[W 19:58:09.225 LabApp] JupyterLab server extension not enabled, manually loading...
[I 19:58:09.248 LabApp] JupyterLab extension loaded from /usr/lib64/python3.5/site-packages/jupyterlab
[I 19:58:09.248 LabApp] JupyterLab application directory is /usr/share/jupyter/lab
[I 19:58:09.250 LabApp] Serving notebooks from local directory: /folders/myfolders
[I 19:58:09.251 LabApp] The Jupyter Notebook is running at:
[I 19:58:09.251 LabApp] http://(localhost.localdomain or 127.0.0.1):8890/jupyter/
[I 19:58:09.251 LabApp] Use Control-C to stop this server and shut down all kernels (twice to skip confirmation).
[I 20:06:34.058 LabApp] 302 GET /jupyter/ (127.0.0.1) 4.10ms
[I 20:06:35.681 LabApp] Node v8.9.4
    
[I 20:06:36.033 LabApp] Build is up to date
[I 20:11:39.676 LabApp] Kernel started: d7cc605f-295f-4bd2-9584-4158682cc40f
[I 20:11:43.912 LabApp] Kernel started: c8373ba5-75bd-46df-80a6-3fe14188e120
[I 20:11:46.757 LabApp] Adapting to protocol v5.1 for kernel d7cc605f-295f-4bd2-9584-4158682cc40f
[I 20:11:46.799 LabApp] Adapting to protocol v5.1 for kernel d7cc605f-295f-4bd2-9584-4158682cc40f
[I 20:11:48.372 LabApp] Adapting to protocol v5.1 for kernel c8373ba5-75bd-46df-80a6-3fe14188e120
[I 20:11:48.388 LabApp] Adapting to protocol v5.1 for kernel c8373ba5-75bd-46df-80a6-3fe14188e120
[I 20:11:48.416 LabApp] Adapting to protocol v5.1 for kernel c8373ba5-75bd-46df-80a6-3fe14188e120
[I 20:56:06.195 LabApp] Saving file at /BMI651/MT2/Hekman_Final.ipynb
[I 20:57:39.331 LabApp] Saving file at /BMI651/MT2/Hekman_Final.ipynb
/usr/lib64/python3.5/site-packages/nbconvert/filters/highlight.py:147: UserWarning: No lexer found for language 'sas'. Treating as plain text.
  warn("No lexer found for language %r. Treating as plain text." % language)
[I 20:59:39.628 LabApp] Saving file at /BMI651/MT2/Hekman_Final.ipynb
[I 21:01:40.832 LabApp] Saving file at /BMI651/MT2/Hekman_Final.ipynb
[I 21:03:41.915 LabApp] Saving file at /BMI651/MT2/Hekman_Final.ipynb
[I 21:05:42.176 LabApp] Saving file at /BMI651/MT2/Hekman_Final.ipynb
[I 21:07:43.202 LabApp] Saving file at /BMI651/MT2/Hekman_Final.ipynb
[I 21:09:43.514 LabApp] Saving file at /BMI651/MT2/Hekman_Final.ipynb
[I 21:11:43.764 LabApp] Saving file at /BMI651/MT2/Hekman_Final.ipynb
[I 21:13:44.031 LabApp] Saving file at /BMI651/MT2/Hekman_Final.ipynb
[I 21:15:44.289 LabApp] Saving file at /BMI651/MT2/Hekman_Final.ipynb
[I 21:17:44.576 LabApp] Saving file at /BMI651/MT2/Hekman_Final.ipynb
[I 21:19:44.902 LabApp] Saving file at /BMI651/MT2/Hekman_Final.ipynb
[I 21:21:45.115 LabApp] Saving file at /BMI651/MT2/Hekman_Final.ipynb
[I 21:23:46.071 LabApp] Saving file at /BMI651/MT2/Hekman_Final.ipynb
[I 21:25:46.317 LabApp] Saving file at /BMI651/MT2/Hekman_Final.ipynb
[I 21:27:46.614 LabApp] Saving file at /BMI651/MT2/Hekman_Final.ipynb
[I 21:29:46.823 LabApp] Saving file at /BMI651/MT2/Hekman_Final.ipynb
[I 21:31:47.202 LabApp] Saving file at /BMI651/MT2/Hekman_Final.ipynb
[I 21:33:47.474 LabApp] Saving file at /BMI651/MT2/Hekman_Final.ipynb
[I 21:35:47.711 LabApp] Saving file at /BMI651/MT2/Hekman_Final.ipynb
[I 21:37:47.976 LabApp] Saving file at /BMI651/MT2/Hekman_Final.ipynb
[I 21:39:48.194 LabApp] Saving file at /BMI651/MT2/Hekman_Final.ipynb
[I 21:41:48.402 LabApp] Saving file at /BMI651/MT2/Hekman_Final.ipynb
[I 21:43:48.707 LabApp] Saving file at /BMI651/MT2/Hekman_Final.ipynb
[I 21:45:49.011 LabApp] Saving file at /BMI651/MT2/Hekman_Final.ipynb
[I 21:45:53.810 LabApp] Saving file at /BMI651/MT2/Hekman_Final.ipynb
[I 21:46:45.198 LabApp] Saving file at /BMI651/MT2/Hekman_Final.ipynb
[I 21:48:45.499 LabApp] Saving file at /BMI651/MT2/Hekman_Final.ipynb
[I 21:50:45.780 LabApp] Saving file at /BMI651/MT2/Hekman_Final.ipynb
[I 21:52:46.041 LabApp] Saving file at /BMI651/MT2/Hekman_Final.ipynb
[I 21:54:46.304 LabApp] Saving file at /BMI651/MT2/Hekman_Final.ipynb
[I 21:56:47.531 LabApp] Saving file at /BMI651/MT2/Hekman_Final.ipynb
[I 22:08:50.583 LabApp] Saving file at /BMI651/MT2/Hekman_Final.ipynb
[I 22:10:50.843 LabApp] Saving file at /BMI651/MT2/Hekman_Final.ipynb
[I 22:14:17.207 LabApp] Saving file at /BMI651/MT2/Hekman_Final.ipynb
[I 22:16:17.499 LabApp] Saving file at /BMI651/MT2/Hekman_Final.ipynb
[I 22:18:17.845 LabApp] Saving file at /BMI651/MT2/Hekman_Final.ipynb
[I 22:20:18.523 LabApp] Saving file at /BMI651/MT2/Hekman_Final.ipynb
[I 22:20:52.656 LabApp] Saving file at /BMI651/MT2/Hekman_Final.ipynb
[I 23:26:36.908 LabApp] Saving file at /BMI651/MT2/Hekman_Final.ipynb
[I 23:28:37.140 LabApp] Saving file at /BMI651/MT2/Hekman_Final.ipynb
[I 23:30:37.458 LabApp] Saving file at /BMI651/MT2/Hekman_Final.ipynb
[I 23:31:37.246 LabApp] Saving file at /BMI651/MT2/Hekman_Final.ipynb
[I 23:35:37.539 LabApp] Saving file at /BMI651/MT2/Hekman_Final.ipynb
[I 23:37:37.912 LabApp] Saving file at /BMI651/MT2/Hekman_Final.ipynb
[I 23:41:38.226 LabApp] Saving file at /BMI651/MT2/Hekman_Final.ipynb
[I 23:42:42.577 LabApp] Saving file at /BMI651/MT2/Hekman_Final.ipynb
[I 00:40:14.652 LabApp] Saving file at /BMI651/MT2/Hekman_Final.ipynb
[I 00:42:14.946 LabApp] Saving file at /BMI651/MT2/Hekman_Final.ipynb
[I 00:44:15.186 LabApp] Saving file at /BMI651/MT2/Hekman_Final.ipynb
[I 00:46:15.433 LabApp] Saving file at /BMI651/MT2/Hekman_Final.ipynb
[I 00:48:16.212 LabApp] Saving file at /BMI651/MT2/Hekman_Final.ipynb
[I 00:52:17.504 LabApp] Saving file at /BMI651/MT2/Hekman_Final.ipynb
[I 00:52:43.466 LabApp] Saving file at /BMI651/MT2/Hekman_Final.ipynb
[I 01:34:51.732 LabApp] Saving file at /BMI651/MT2/Hekman_Final.ipynb
[I 01:45:21.915 LabApp] Saving file at /BMI651/MT2/Hekman_Final.ipynb
[I 01:45:25.162 LabApp] Copying BMI651/MT2/Hekman_Final.ipynb to /BMI651/MT2
[I 01:45:45.889 LabApp] Kernel started: dbb8e6f7-db77-4601-bee2-742618ba076e
[I 01:45:53.133 LabApp] Adapting to protocol v5.1 for kernel dbb8e6f7-db77-4601-bee2-742618ba076e
[I 01:48:25.460 LabApp] Starting buffering for dbb8e6f7-db77-4601-bee2-742618ba076e:4edbea1c-cf6e-45a1-adfc-2275075eb67f
[I 01:48:25.556 LabApp] Starting buffering for c8373ba5-75bd-46df-80a6-3fe14188e120:548e9953-1ada-4f53-8bfc-cbaa2040955f
[I 01:48:25.561 LabApp] Starting buffering for d7cc605f-295f-4bd2-9584-4158682cc40f:0b60e405-712a-46ff-8926-0e10da1ed24e
[I 01:48:26.321 LabApp] Adapting to protocol v5.1 for kernel dbb8e6f7-db77-4601-bee2-742618ba076e
[I 01:48:26.336 LabApp] Restoring connection for dbb8e6f7-db77-4601-bee2-742618ba076e:4edbea1c-cf6e-45a1-adfc-2275075eb67f
[I 01:48:26.363 LabApp] Adapting to protocol v5.1 for kernel c8373ba5-75bd-46df-80a6-3fe14188e120
[I 01:48:26.412 LabApp] Adapting to protocol v5.1 for kernel c8373ba5-75bd-46df-80a6-3fe14188e120
[I 01:48:26.461 LabApp] Adapting to protocol v5.1 for kernel c8373ba5-75bd-46df-80a6-3fe14188e120
[I 16:19:17.209 LabApp] Adapting to protocol v5.1 for kernel d7cc605f-295f-4bd2-9584-4158682cc40f
[I 16:19:17.236 LabApp] Restoring connection for d7cc605f-295f-4bd2-9584-4158682cc40f:0b60e405-712a-46ff-8926-0e10da1ed24e
[I 16:20:26.899 LabApp] Saving file at /BMI651/MT2/Hekman_Final2.ipynb
[I 16:24:27.328 LabApp] Saving file at /BMI651/MT2/Hekman_Final2.ipynb
[I 16:26:27.636 LabApp] Saving file at /BMI651/MT2/Hekman_Final2.ipynb
[I 16:28:27.967 LabApp] Saving file at /BMI651/MT2/Hekman_Final2.ipynb
[I 16:30:28.328 LabApp] Saving file at /BMI651/MT2/Hekman_Final2.ipynb
[I 16:32:28.672 LabApp] Saving file at /BMI651/MT2/Hekman_Final2.ipynb
[I 16:34:29.027 LabApp] Saving file at /BMI651/MT2/Hekman_Final2.ipynb
[I 16:35:12.134 LabApp] Saving file at /BMI651/MT2/Hekman_Final2.ipynb
[I 16:37:12.467 LabApp] Saving file at /BMI651/MT2/Hekman_Final2.ipynb
[I 16:39:13.035 LabApp] Saving file at /BMI651/MT2/Hekman_Final2.ipynb
[I 16:43:14.388 LabApp] Saving file at /BMI651/MT2/Hekman_Final2.ipynb
[I 16:45:14.706 LabApp] Saving file at /BMI651/MT2/Hekman_Final2.ipynb
[I 16:47:15.007 LabApp] Saving file at /BMI651/MT2/Hekman_Final2.ipynb
[I 16:49:15.294 LabApp] Saving file at /BMI651/MT2/Hekman_Final2.ipynb
[I 16:51:15.571 LabApp] Saving file at /BMI651/MT2/Hekman_Final2.ipynb
[I 16:52:45.315 LabApp] Saving file at /BMI651/MT2/Hekman_Final2.ipynb
[I 16:53:33.846 LabApp] Starting buffering for dbb8e6f7-db77-4601-bee2-742618ba076e:4edbea1c-cf6e-45a1-adfc-2275075eb67f
[I 17:39:00.735 LabApp] Adapting to protocol v5.1 for kernel c8373ba5-75bd-46df-80a6-3fe14188e120
[I 17:39:00.760 LabApp] Adapting to protocol v5.1 for kernel dbb8e6f7-db77-4601-bee2-742618ba076e
[I 17:39:00.791 LabApp] Restoring connection for dbb8e6f7-db77-4601-bee2-742618ba076e:4edbea1c-cf6e-45a1-adfc-2275075eb67f
[I 17:45:18.505 LabApp] Saving file at /BMI651/MT2/Hekman_Final2.ipynb
[I 17:47:18.976 LabApp] Saving file at /BMI651/MT2/Hekman_Final2.ipynb
[I 17:49:19.204 LabApp] Saving file at /BMI651/MT2/Hekman_Final2.ipynb
[I 17:49:47.477 LabApp] Saving file at /BMI651/MT2/Hekman_Final2.ipynb
[I 17:51:47.700 LabApp] Saving file at /BMI651/MT2/Hekman_Final2.ipynb
[I 17:53:30.376 LabApp] Saving file at /BMI651/MT2/Hekman_Final2.ipynb
[I 17:55:31.312 LabApp] Saving file at /BMI651/MT2/Hekman_Final2.ipynb
[I 17:57:31.605 LabApp] Saving file at /BMI651/MT2/Hekman_Final2.ipynb
[I 17:59:31.840 LabApp] Saving file at /BMI651/MT2/Hekman_Final2.ipynb
[I 18:03:32.089 LabApp] Saving file at /BMI651/MT2/Hekman_Final2.ipynb
[I 18:23:32.447 LabApp] Saving file at /BMI651/MT2/Hekman_Final2.ipynb
[I 18:25:32.753 LabApp] Saving file at /BMI651/MT2/Hekman_Final2.ipynb
[I 18:27:18.361 LabApp] Saving file at /BMI651/MT2/Hekman_Final2.ipynb
[I 18:29:18.608 LabApp] Saving file at /BMI651/MT2/Hekman_Final2.ipynb
[I 18:33:19.367 LabApp] Saving file at /BMI651/MT2/Hekman_Final2.ipynb
[I 18:35:19.582 LabApp] Saving file at /BMI651/MT2/Hekman_Final2.ipynb
[I 18:37:19.831 LabApp] Saving file at /BMI651/MT2/Hekman_Final2.ipynb
[I 18:45:20.114 LabApp] Saving file at /BMI651/MT2/Hekman_Final2.ipynb
[I 18:55:20.440 LabApp] Saving file at /BMI651/MT2/Hekman_Final2.ipynb
[I 18:57:20.718 LabApp] Saving file at /BMI651/MT2/Hekman_Final2.ipynb
[I 18:59:10.033 LabApp] Saving file at /BMI651/MT2/Hekman_Final2.ipynb
[I 19:01:10.322 LabApp] Saving file at /BMI651/MT2/Hekman_Final2.ipynb
[I 19:17:12.262 LabApp] Saving file at /BMI651/MT2/Hekman_Final2.ipynb
[I 19:19:09.878 LabApp] Saving file at /BMI651/MT2/Hekman_Final2.ipynb
[I 19:31:12.344 LabApp] Saving file at /BMI651/MT2/Hekman_Final2.ipynb
[I 19:33:12.742 LabApp] Saving file at /BMI651/MT2/Hekman_Final2.ipynb
[I 19:45:13.367 LabApp] Saving file at /BMI651/MT2/Hekman_Final2.ipynb
[I 19:47:13.670 LabApp] Saving file at /BMI651/MT2/Hekman_Final2.ipynb
[I 19:51:03.655 LabApp] Saving file at /BMI651/MT2/Hekman_Final2.ipynb
[I 19:53:04.091 LabApp] Saving file at /BMI651/MT2/Hekman_Final2.ipynb
[I 20:01:04.781 LabApp] Saving file at /BMI651/MT2/Hekman_Final2.ipynb
[I 20:21:05.720 LabApp] Saving file at /BMI651/MT2/Hekman_Final2.ipynb
[I 20:43:11.408 LabApp] Saving file at /BMI651/MT2/Hekman_Final2.ipynb
[I 20:45:12.257 LabApp] Saving file at /BMI651/MT2/Hekman_Final2.ipynb
[I 20:49:12.668 LabApp] Saving file at /BMI651/MT2/Hekman_Final2.ipynb
[I 20:51:13.056 LabApp] Saving file at /BMI651/MT2/Hekman_Final2.ipynb
[I 20:53:01.030 LabApp] Saving file at /BMI651/MT2/Hekman_Final2.ipynb
[I 20:59:01.877 LabApp] Saving file at /BMI651/MT2/Hekman_Final2.ipynb
[I 21:01:03.448 LabApp] Saving file at /BMI651/MT2/Hekman_Final2.ipynb
[I 21:03:02.298 LabApp] Saving file at /BMI651/MT2/Hekman_Final2.ipynb
[I 21:05:02.651 LabApp] Saving file at /BMI651/MT2/Hekman_Final2.ipynb
[I 21:07:02.953 LabApp] Saving file at /BMI651/MT2/Hekman_Final2.ipynb
[I 21:19:04.796 LabApp] Saving file at /BMI651/MT2/Hekman_Final2.ipynb
[I 21:21:05.951 LabApp] Saving file at /BMI651/MT2/Hekman_Final2.ipynb
[I 21:25:06.359 LabApp] Saving file at /BMI651/MT2/Hekman_Final2.ipynb
[I 21:27:06.708 LabApp] Saving file at /BMI651/MT2/Hekman_Final2.ipynb
[I 21:29:07.050 LabApp] Saving file at /BMI651/MT2/Hekman_Final2.ipynb
[I 21:31:07.429 LabApp] Saving file at /BMI651/MT2/Hekman_Final2.ipynb
[I 21:33:07.756 LabApp] Saving file at /BMI651/MT2/Hekman_Final2.ipynb
[I 21:35:08.132 LabApp] Saving file at /BMI651/MT2/Hekman_Final2.ipynb
[I 21:37:08.509 LabApp] Saving file at /BMI651/MT2/Hekman_Final2.ipynb
[I 21:39:22.421 LabApp] Saving file at /BMI651/MT2/Hekman_Final2.ipynb
[I 21:41:22.774 LabApp] Saving file at /BMI651/MT2/Hekman_Final2.ipynb
[I 21:43:23.142 LabApp] Saving file at /BMI651/MT2/Hekman_Final2.ipynb
[I 21:43:48.642 LabApp] Saving file at /BMI651/MT2/Hekman_Final2.ipynb
[I 21:44:02.443 LabApp] Saving file at /BMI651/MT2/Hekman_Final2.ipynb
[I 21:44:34.481 LabApp] Saving file at /BMI651/MT2/Hekman_Final2.ipynb
[I 21:56:35.123 LabApp] Saving file at /BMI651/MT2/Hekman_Final2.ipynb
[I 21:58:06.378 LabApp] Adapting to protocol v5.1 for kernel c8373ba5-75bd-46df-80a6-3fe14188e120
[I 21:58:35.506 LabApp] Saving file at /BMI651/MT2/Hekman_Final2.ipynb
[I 22:00:35.865 LabApp] Saving file at /BMI651/MT2/Hekman_Final2.ipynb
[I 22:02:28.347 LabApp] Saving file at /BMI651/MT2/Hekman_Final2.ipynb
[I 22:06:28.910 LabApp] Saving file at /BMI651/MT2/Hekman_Final2.ipynb
[I 22:14:34.454 LabApp] Saving file at /BMI651/MT2/Hekman_Final2.ipynb
[I 22:18:54.034 LabApp] Saving file at /BMI651/MT2/Hekman_Final2.ipynb
[I 22:20:56.451 LabApp] Saving file at /BMI651/MT2/Hekman_Final2.ipynb
[I 22:23:54.433 LabApp] Saving file at /BMI651/MT2/Hekman_Final2.ipynb
[I 23:00:52.923 LabApp] Starting buffering for dbb8e6f7-db77-4601-bee2-742618ba076e:4edbea1c-cf6e-45a1-adfc-2275075eb67f
[I 23:00:52.926 LabApp] Starting buffering for d7cc605f-295f-4bd2-9584-4158682cc40f:0b60e405-712a-46ff-8926-0e10da1ed24e
[I 23:00:52.927 LabApp] Starting buffering for c8373ba5-75bd-46df-80a6-3fe14188e120:86b8d421-7211-400d-baf0-868975d6fc2d
[I 00:05:01.094 LabApp] Adapting to protocol v5.1 for kernel c8373ba5-75bd-46df-80a6-3fe14188e120
[I 00:05:01.153 LabApp] Adapting to protocol v5.1 for kernel dbb8e6f7-db77-4601-bee2-742618ba076e
[I 00:05:01.215 LabApp] Restoring connection for dbb8e6f7-db77-4601-bee2-742618ba076e:4edbea1c-cf6e-45a1-adfc-2275075eb67f
[I 00:05:01.321 LabApp] Adapting to protocol v5.1 for kernel c8373ba5-75bd-46df-80a6-3fe14188e120
[I 00:05:01.416 LabApp] Adapting to protocol v5.1 for kernel d7cc605f-295f-4bd2-9584-4158682cc40f
[I 00:05:01.456 LabApp] Restoring connection for d7cc605f-295f-4bd2-9584-4158682cc40f:0b60e405-712a-46ff-8926-0e10da1ed24e
[I 00:05:01.543 LabApp] Adapting to protocol v5.1 for kernel c8373ba5-75bd-46df-80a6-3fe14188e120
[I 00:05:01.693 LabApp] Adapting to protocol v5.1 for kernel c8373ba5-75bd-46df-80a6-3fe14188e120
[I 01:35:17.904 LabApp] Saving file at /BMI651/MT2/Hekman_Final2.ipynb
[I 01:37:18.202 LabApp] Saving file at /BMI651/MT2/Hekman_Final2.ipynb
[I 01:39:18.483 LabApp] Saving file at /BMI651/MT2/Hekman_Final2.ipynb
[I 01:41:18.810 LabApp] Saving file at /BMI651/MT2/Hekman_Final2.ipynb
[I 01:43:19.150 LabApp] Saving file at /BMI651/MT2/Hekman_Final2.ipynb
[I 01:47:19.446 LabApp] Saving file at /BMI651/MT2/Hekman_Final2.ipynb
[I 02:31:25.275 LabApp] Saving file at /BMI651/MT2/Hekman_Final2.ipynb
[I 02:33:25.722 LabApp] Saving file at /BMI651/MT2/Hekman_Final2.ipynb
[I 03:01:30.475 LabApp] Saving file at /BMI651/MT2/Hekman_Final2.ipynb
[I 03:01:53.161 LabApp] Saving file at /BMI651/MT2/Hekman_Final2.ipynb
[I 03:03:37.412 LabApp] Saving file at /BMI651/MT2/Hekman_Final2.ipynb
[I 03:08:36.496 LabApp] Saving file at /BMI651/MT2/Hekman_Final2.ipynb
[I 03:15:21.521 LabApp] Starting buffering for d7cc605f-295f-4bd2-9584-4158682cc40f:0b60e405-712a-46ff-8926-0e10da1ed24e
[I 03:15:21.544 LabApp] Starting buffering for dbb8e6f7-db77-4601-bee2-742618ba076e:4edbea1c-cf6e-45a1-adfc-2275075eb67f
[I 03:15:21.546 LabApp] Starting buffering for c8373ba5-75bd-46df-80a6-3fe14188e120:10bf9800-d57b-4485-bba9-d6f5cd79980f
[C 03:16:03.874 LabApp] received signal 15, stopping
[I 03:16:03.881 LabApp] Shutting down 3 kernels
[I 03:16:03.891 LabApp] Kernel shutdown: d7cc605f-295f-4bd2-9584-4158682cc40f
[I 03:16:03.895 LabApp] Kernel shutdown: c8373ba5-75bd-46df-80a6-3fe14188e120
[I 03:16:03.899 LabApp] Kernel shutdown: dbb8e6f7-db77-4601-bee2-742618ba076e
[60G[[0;32m  OK  [0;39m]